2021-11-29 20:43:52 [::1][-][-][error][yii\base\ErrorException:1] yii\base\ErrorException: Maximum execution time of 120 seconds exceeded in C:\xampp\htdocs\humhub\protected\vendor\yiisoft\yii2-httpclient\src\CurlTransport.php:40
Stack trace:
#0 [internal function]: yii\base\ErrorHandler->handleFatalError()
#1 {main}
2021-11-29 20:41:50 [::1][-][-][info][application] $_GET = [
    'r' => 'installer/config/modules'
]

$_SERVER = [
    'MIBDIRS' => 'C:/xampp/php/extras/mibs'
    'MYSQL_HOME' => '\\xampp\\mysql\\bin'
    'OPENSSL_CONF' => 'C:/xampp/apache/bin/openssl.cnf'
    'PHP_PEAR_SYSCONF_DIR' => '\\xampp\\php'
    'PHPRC' => '\\xampp\\php'
    'TMP' => '\\xampp\\tmp'
    'HTTP_HOST' => 'localhost'
    'HTTP_CONNECTION' => 'keep-alive'
    'CONTENT_LENGTH' => '237'
    'HTTP_CACHE_CONTROL' => 'max-age=0'
    'HTTP_SEC_CH_UA' => '\" Not A;Brand\";v=\"99\", \"Chromium\";v=\"96\", \"Google Chrome\";v=\"96\"'
    'HTTP_SEC_CH_UA_MOBILE' => '?0'
    'HTTP_SEC_CH_UA_PLATFORM' => '\"Windows\"'
    'HTTP_UPGRADE_INSECURE_REQUESTS' => '1'
    'HTTP_ORIGIN' => 'http://localhost'
    'CONTENT_TYPE' => 'application/x-www-form-urlencoded'
    'HTTP_USER_AGENT' => 'Mozilla/5.0 (Windows NT 10.0; Win64; x64) AppleWebKit/537.36 (KHTML, like Gecko) Chrome/96.0.4664.45 Safari/537.36'
    'HTTP_ACCEPT' => 'text/html,application/xhtml+xml,application/xml;q=0.9,image/avif,image/webp,image/apng,*/*;q=0.8,application/signed-exchange;v=b3;q=0.9'
    'HTTP_SEC_FETCH_SITE' => 'same-origin'
    'HTTP_SEC_FETCH_MODE' => 'navigate'
    'HTTP_SEC_FETCH_USER' => '?1'
    'HTTP_SEC_FETCH_DEST' => 'document'
    'HTTP_REFERER' => 'http://localhost/humhub/index.php?r=installer%2Fconfig%2Fmodules'
    'HTTP_ACCEPT_ENCODING' => 'gzip, deflate, br'
    'HTTP_ACCEPT_LANGUAGE' => 'pt-BR,pt;q=0.9,en-US;q=0.8,en;q=0.7'
    'HTTP_COOKIE' => 'ossn_chat_bell=off; _csrf=705f68bf5204b7e27c7385390083d4344e05ecd8c8d5aabbc4a41d806995777ea%3A2%3A%7Bi%3A0%3Bs%3A5%3A%22_csrf%22%3Bi%3A1%3Bs%3A32%3A%22NuBTLgurnPuj5cddWglj6NSVDXeKf7IU%22%3B%7D'
    'PATH' => 'C:\\Program Files (x86)\\Common Files\\Oracle\\Java\\javapath;C:\\Windows\\system32;C:\\Windows;C:\\Windows\\System32\\Wbem;C:\\Windows\\System32\\WindowsPowerShell\\v1.0\\;C:\\Windows\\System32\\OpenSSH\\;C:\\Users\\omgla\\AppData\\Local\\Microsoft\\WindowsApps;C:\\Users\\omgla\\AppData\\Local\\Programs\\Microsoft VS Code\\bin;C:\\Users\\omgla\\AppData\\Local\\GitHubDesktop\\bin'
    'SystemRoot' => 'C:\\Windows'
    'COMSPEC' => 'C:\\Windows\\system32\\cmd.exe'
    'PATHEXT' => '.COM;.EXE;.BAT;.CMD;.VBS;.VBE;.JS;.JSE;.WSF;.WSH;.MSC'
    'WINDIR' => 'C:\\Windows'
    'SERVER_SIGNATURE' => '<address>Apache/2.4.51 (Win64) OpenSSL/1.1.1l PHP/8.0.12 Server at localhost Port 80</address>
'
    'SERVER_SOFTWARE' => 'Apache/2.4.51 (Win64) OpenSSL/1.1.1l PHP/8.0.12'
    'SERVER_NAME' => 'localhost'
    'SERVER_ADDR' => '::1'
    'SERVER_PORT' => '80'
    'REMOTE_ADDR' => '::1'
    'DOCUMENT_ROOT' => 'C:/xampp/htdocs'
    'REQUEST_SCHEME' => 'http'
    'CONTEXT_PREFIX' => ''
    'CONTEXT_DOCUMENT_ROOT' => 'C:/xampp/htdocs'
    'SERVER_ADMIN' => 'postmaster@localhost'
    'SCRIPT_FILENAME' => 'C:/xampp/htdocs/humhub/index.php'
    'REMOTE_PORT' => '56685'
    'GATEWAY_INTERFACE' => 'CGI/1.1'
    'SERVER_PROTOCOL' => 'HTTP/1.1'
    'REQUEST_METHOD' => 'POST'
    'QUERY_STRING' => 'r=installer%2Fconfig%2Fmodules'
    'REQUEST_URI' => '/humhub/index.php?r=installer%2Fconfig%2Fmodules'
    'SCRIPT_NAME' => '/humhub/index.php'
    'PHP_SELF' => '/humhub/index.php'
    'REQUEST_TIME_FLOAT' => 1638214910.675
    'REQUEST_TIME' => 1638214910
]
2021-11-29 22:54:38 [::1][1][olfs8emej9pfplnuo0dctuonh5][error][yii\base\ErrorException:2] yii\base\ErrorException: Undefined variable $themes in C:\xampp\htdocs\humhub\themes\new\views\admin\setting\design.php:28
Stack trace:
#0 C:\xampp\htdocs\humhub\themes\new\views\admin\setting\design.php(28): yii\base\ErrorHandler->handleError(2, 'Undefined varia...', 'C:\\xampp\\htdocs...', 28)
#1 C:\xampp\htdocs\humhub\protected\vendor\yiisoft\yii2\base\View.php(348): require('C:\\xampp\\htdocs...')
#2 C:\xampp\htdocs\humhub\protected\vendor\yiisoft\yii2\base\View.php(257): yii\base\View->renderPhpFile('C:\\xampp\\htdocs...', Array)
#3 C:\xampp\htdocs\humhub\protected\vendor\yiisoft\yii2\base\View.php(156): yii\base\View->renderFile('C:\\xampp\\htdocs...', Array, Object(humhub\modules\admin\controllers\SettingController))
#4 C:\xampp\htdocs\humhub\protected\vendor\yiisoft\yii2\base\Controller.php(410): yii\base\View->render('design', Array, Object(humhub\modules\admin\controllers\SettingController))
#5 C:\xampp\htdocs\humhub\protected\humhub\modules\admin\controllers\SettingController.php(244): yii\base\Controller->render('design', Array)
#6 [internal function]: humhub\modules\admin\controllers\SettingController->actionDesign()
#7 C:\xampp\htdocs\humhub\protected\vendor\yiisoft\yii2\base\InlineAction.php(57): call_user_func_array(Array, Array)
#8 C:\xampp\htdocs\humhub\protected\vendor\yiisoft\yii2\base\Controller.php(181): yii\base\InlineAction->runWithParams(Array)
#9 C:\xampp\htdocs\humhub\protected\vendor\yiisoft\yii2\base\Module.php(534): yii\base\Controller->runAction('design', Array)
#10 C:\xampp\htdocs\humhub\protected\vendor\yiisoft\yii2\web\Application.php(104): yii\base\Module->runAction('admin/setting/d...', Array)
#11 C:\xampp\htdocs\humhub\protected\vendor\yiisoft\yii2\base\Application.php(392): yii\web\Application->handleRequest(Object(humhub\components\Request))
#12 C:\xampp\htdocs\humhub\index.php(25): yii\base\Application->run()
#13 {main}
2021-11-29 22:54:38 [::1][1][olfs8emej9pfplnuo0dctuonh5][info][application] $_GET = [
    'r' => 'admin/setting/design'
]

$_SERVER = [
    'MIBDIRS' => 'C:/xampp/php/extras/mibs'
    'MYSQL_HOME' => '\\xampp\\mysql\\bin'
    'OPENSSL_CONF' => 'C:/xampp/apache/bin/openssl.cnf'
    'PHP_PEAR_SYSCONF_DIR' => '\\xampp\\php'
    'PHPRC' => '\\xampp\\php'
    'TMP' => '\\xampp\\tmp'
    'HTTP_HOST' => 'localhost'
    'HTTP_CONNECTION' => 'keep-alive'
    'HTTP_CACHE_CONTROL' => 'max-age=0'
    'HTTP_SEC_CH_UA' => '\" Not A;Brand\";v=\"99\", \"Chromium\";v=\"96\", \"Google Chrome\";v=\"96\"'
    'HTTP_ACCEPT' => 'text/html,application/xhtml+xml,application/xml;q=0.9,image/avif,image/webp,image/apng,*/*;q=0.8,application/signed-exchange;v=b3;q=0.9'
    'HTTP_UPGRADE_INSECURE_REQUESTS' => '1'
    'HTTP_SEC_CH_UA_MOBILE' => '?0'
    'HTTP_USER_AGENT' => 'Mozilla/5.0 (Windows NT 10.0; Win64; x64) AppleWebKit/537.36 (KHTML, like Gecko) Chrome/96.0.4664.45 Safari/537.36'
    'HTTP_SEC_CH_UA_PLATFORM' => '\"Windows\"'
    'HTTP_SEC_FETCH_SITE' => 'same-origin'
    'HTTP_SEC_FETCH_MODE' => 'same-origin'
    'HTTP_SEC_FETCH_DEST' => 'empty'
    'HTTP_REFERER' => 'http://localhost/humhub/index.php?r=admin%2Fsetting%2Fdesign'
    'HTTP_ACCEPT_ENCODING' => 'gzip, deflate, br'
    'HTTP_ACCEPT_LANGUAGE' => 'pt-BR,pt;q=0.9,en-US;q=0.8,en;q=0.7'
    'HTTP_COOKIE' => 'ossn_chat_bell=off; _identity=f1e704a36d7e1f1b70d140530d61cbd6ec7c93427727968397d706eb99781e01a%3A2%3A%7Bi%3A0%3Bs%3A9%3A%22_identity%22%3Bi%3A1%3Bs%3A50%3A%22%5B1%2C%22aabf22a8-099e-40fe-9eca-0aae229a860f%22%2C2592000%5D%22%3B%7D; PHPSESSID=olfs8emej9pfplnuo0dctuonh5; _csrf=1eb57f360ebdaaa270abc90644227f5ef667c01a4cd456613a7d2aec915a3472a%3A2%3A%7Bi%3A0%3Bs%3A5%3A%22_csrf%22%3Bi%3A1%3Bs%3A32%3A%229R9sBaOoOPgIvS36cicxo4r6lVQj4_9Z%22%3B%7D; highcontrast=no; mysheet=night-theme'
    'PATH' => 'C:\\Program Files (x86)\\Common Files\\Oracle\\Java\\javapath;C:\\Windows\\system32;C:\\Windows;C:\\Windows\\System32\\Wbem;C:\\Windows\\System32\\WindowsPowerShell\\v1.0\\;C:\\Windows\\System32\\OpenSSH\\;C:\\Users\\omgla\\AppData\\Local\\Microsoft\\WindowsApps;C:\\Users\\omgla\\AppData\\Local\\Programs\\Microsoft VS Code\\bin;C:\\Users\\omgla\\AppData\\Local\\GitHubDesktop\\bin'
    'SystemRoot' => 'C:\\Windows'
    'COMSPEC' => 'C:\\Windows\\system32\\cmd.exe'
    'PATHEXT' => '.COM;.EXE;.BAT;.CMD;.VBS;.VBE;.JS;.JSE;.WSF;.WSH;.MSC'
    'WINDIR' => 'C:\\Windows'
    'SERVER_SIGNATURE' => '<address>Apache/2.4.51 (Win64) OpenSSL/1.1.1l PHP/8.0.12 Server at localhost Port 80</address>
'
    'SERVER_SOFTWARE' => 'Apache/2.4.51 (Win64) OpenSSL/1.1.1l PHP/8.0.12'
    'SERVER_NAME' => 'localhost'
    'SERVER_ADDR' => '::1'
    'SERVER_PORT' => '80'
    'REMOTE_ADDR' => '::1'
    'DOCUMENT_ROOT' => 'C:/xampp/htdocs'
    'REQUEST_SCHEME' => 'http'
    'CONTEXT_PREFIX' => ''
    'CONTEXT_DOCUMENT_ROOT' => 'C:/xampp/htdocs'
    'SERVER_ADMIN' => 'postmaster@localhost'
    'SCRIPT_FILENAME' => 'C:/xampp/htdocs/humhub/index.php'
    'REMOTE_PORT' => '51197'
    'GATEWAY_INTERFACE' => 'CGI/1.1'
    'SERVER_PROTOCOL' => 'HTTP/1.1'
    'REQUEST_METHOD' => 'GET'
    'QUERY_STRING' => 'r=admin%2Fsetting%2Fdesign'
    'REQUEST_URI' => '/humhub/index.php?r=admin%2Fsetting%2Fdesign'
    'SCRIPT_NAME' => '/humhub/index.php'
    'PHP_SELF' => '/humhub/index.php'
    'REQUEST_TIME_FLOAT' => 1638222878.6601
    'REQUEST_TIME' => 1638222878
]
2021-11-29 22:54:41 [::1][1][olfs8emej9pfplnuo0dctuonh5][error][yii\base\ErrorException:2] yii\base\ErrorException: Undefined variable $themes in C:\xampp\htdocs\humhub\themes\new\views\admin\setting\design.php:28
Stack trace:
#0 C:\xampp\htdocs\humhub\themes\new\views\admin\setting\design.php(28): yii\base\ErrorHandler->handleError(2, 'Undefined varia...', 'C:\\xampp\\htdocs...', 28)
#1 C:\xampp\htdocs\humhub\protected\vendor\yiisoft\yii2\base\View.php(348): require('C:\\xampp\\htdocs...')
#2 C:\xampp\htdocs\humhub\protected\vendor\yiisoft\yii2\base\View.php(257): yii\base\View->renderPhpFile('C:\\xampp\\htdocs...', Array)
#3 C:\xampp\htdocs\humhub\protected\vendor\yiisoft\yii2\base\View.php(156): yii\base\View->renderFile('C:\\xampp\\htdocs...', Array, Object(humhub\modules\admin\controllers\SettingController))
#4 C:\xampp\htdocs\humhub\protected\vendor\yiisoft\yii2\base\Controller.php(410): yii\base\View->render('design', Array, Object(humhub\modules\admin\controllers\SettingController))
#5 C:\xampp\htdocs\humhub\protected\humhub\modules\admin\controllers\SettingController.php(244): yii\base\Controller->render('design', Array)
#6 [internal function]: humhub\modules\admin\controllers\SettingController->actionDesign()
#7 C:\xampp\htdocs\humhub\protected\vendor\yiisoft\yii2\base\InlineAction.php(57): call_user_func_array(Array, Array)
#8 C:\xampp\htdocs\humhub\protected\vendor\yiisoft\yii2\base\Controller.php(181): yii\base\InlineAction->runWithParams(Array)
#9 C:\xampp\htdocs\humhub\protected\vendor\yiisoft\yii2\base\Module.php(534): yii\base\Controller->runAction('design', Array)
#10 C:\xampp\htdocs\humhub\protected\vendor\yiisoft\yii2\web\Application.php(104): yii\base\Module->runAction('admin/setting/d...', Array)
#11 C:\xampp\htdocs\humhub\protected\vendor\yiisoft\yii2\base\Application.php(392): yii\web\Application->handleRequest(Object(humhub\components\Request))
#12 C:\xampp\htdocs\humhub\index.php(25): yii\base\Application->run()
#13 {main}
2021-11-29 22:54:41 [::1][1][olfs8emej9pfplnuo0dctuonh5][info][application] $_GET = [
    'r' => 'admin/setting/design'
]

$_SERVER = [
    'MIBDIRS' => 'C:/xampp/php/extras/mibs'
    'MYSQL_HOME' => '\\xampp\\mysql\\bin'
    'OPENSSL_CONF' => 'C:/xampp/apache/bin/openssl.cnf'
    'PHP_PEAR_SYSCONF_DIR' => '\\xampp\\php'
    'PHPRC' => '\\xampp\\php'
    'TMP' => '\\xampp\\tmp'
    'HTTP_HOST' => 'localhost'
    'HTTP_CONNECTION' => 'keep-alive'
    'HTTP_SEC_CH_UA' => '\" Not A;Brand\";v=\"99\", \"Chromium\";v=\"96\", \"Google Chrome\";v=\"96\"'
    'HTTP_ACCEPT' => 'text/html,application/xhtml+xml,application/xml;q=0.9,image/avif,image/webp,image/apng,*/*;q=0.8,application/signed-exchange;v=b3;q=0.9'
    'HTTP_UPGRADE_INSECURE_REQUESTS' => '1'
    'HTTP_SEC_CH_UA_MOBILE' => '?0'
    'HTTP_USER_AGENT' => 'Mozilla/5.0 (Windows NT 10.0; Win64; x64) AppleWebKit/537.36 (KHTML, like Gecko) Chrome/96.0.4664.45 Safari/537.36'
    'HTTP_SEC_CH_UA_PLATFORM' => '\"Windows\"'
    'HTTP_SEC_FETCH_SITE' => 'same-origin'
    'HTTP_SEC_FETCH_MODE' => 'same-origin'
    'HTTP_SEC_FETCH_DEST' => 'empty'
    'HTTP_REFERER' => 'http://localhost/humhub/index.php?r=admin%2Fsetting%2Fdesign'
    'HTTP_ACCEPT_ENCODING' => 'gzip, deflate, br'
    'HTTP_ACCEPT_LANGUAGE' => 'pt-BR,pt;q=0.9,en-US;q=0.8,en;q=0.7'
    'HTTP_COOKIE' => 'ossn_chat_bell=off; _identity=f1e704a36d7e1f1b70d140530d61cbd6ec7c93427727968397d706eb99781e01a%3A2%3A%7Bi%3A0%3Bs%3A9%3A%22_identity%22%3Bi%3A1%3Bs%3A50%3A%22%5B1%2C%22aabf22a8-099e-40fe-9eca-0aae229a860f%22%2C2592000%5D%22%3B%7D; PHPSESSID=olfs8emej9pfplnuo0dctuonh5; _csrf=1eb57f360ebdaaa270abc90644227f5ef667c01a4cd456613a7d2aec915a3472a%3A2%3A%7Bi%3A0%3Bs%3A5%3A%22_csrf%22%3Bi%3A1%3Bs%3A32%3A%229R9sBaOoOPgIvS36cicxo4r6lVQj4_9Z%22%3B%7D; highcontrast=no; mysheet=night-theme'
    'PATH' => 'C:\\Program Files (x86)\\Common Files\\Oracle\\Java\\javapath;C:\\Windows\\system32;C:\\Windows;C:\\Windows\\System32\\Wbem;C:\\Windows\\System32\\WindowsPowerShell\\v1.0\\;C:\\Windows\\System32\\OpenSSH\\;C:\\Users\\omgla\\AppData\\Local\\Microsoft\\WindowsApps;C:\\Users\\omgla\\AppData\\Local\\Programs\\Microsoft VS Code\\bin;C:\\Users\\omgla\\AppData\\Local\\GitHubDesktop\\bin'
    'SystemRoot' => 'C:\\Windows'
    'COMSPEC' => 'C:\\Windows\\system32\\cmd.exe'
    'PATHEXT' => '.COM;.EXE;.BAT;.CMD;.VBS;.VBE;.JS;.JSE;.WSF;.WSH;.MSC'
    'WINDIR' => 'C:\\Windows'
    'SERVER_SIGNATURE' => '<address>Apache/2.4.51 (Win64) OpenSSL/1.1.1l PHP/8.0.12 Server at localhost Port 80</address>
'
    'SERVER_SOFTWARE' => 'Apache/2.4.51 (Win64) OpenSSL/1.1.1l PHP/8.0.12'
    'SERVER_NAME' => 'localhost'
    'SERVER_ADDR' => '::1'
    'SERVER_PORT' => '80'
    'REMOTE_ADDR' => '::1'
    'DOCUMENT_ROOT' => 'C:/xampp/htdocs'
    'REQUEST_SCHEME' => 'http'
    'CONTEXT_PREFIX' => ''
    'CONTEXT_DOCUMENT_ROOT' => 'C:/xampp/htdocs'
    'SERVER_ADMIN' => 'postmaster@localhost'
    'SCRIPT_FILENAME' => 'C:/xampp/htdocs/humhub/index.php'
    'REMOTE_PORT' => '51211'
    'GATEWAY_INTERFACE' => 'CGI/1.1'
    'SERVER_PROTOCOL' => 'HTTP/1.1'
    'REQUEST_METHOD' => 'GET'
    'QUERY_STRING' => 'r=admin%2Fsetting%2Fdesign'
    'REQUEST_URI' => '/humhub/index.php?r=admin%2Fsetting%2Fdesign'
    'SCRIPT_NAME' => '/humhub/index.php'
    'PHP_SELF' => '/humhub/index.php'
    'REQUEST_TIME_FLOAT' => 1638222881.0651
    'REQUEST_TIME' => 1638222881
]
